<?xml version="1.0" encoding="UTF-8"?>
<!-- Generated by org.testng.reporters.JUnitReportReporter -->
<testsuite hostname="Malaviyan" failures="0" tests="1" name="com.automation.day1.Demo" time="0.002" errors="0" timestamp="2025-09-14T12:39:36 IST" skipped="0">
  <testcase classname="com.automation.day1.Demo" name="prinHelloTest" time="0.002"/>
  <system-out/>
</testsuite> <!-- com.automation.day1.Demo -->
