<?xml version="1.0" encoding="UTF-8"?>
<!-- Generated by org.testng.reporters.JUnitReportReporter -->
<testsuite hostname="Malaviyan" failures="0" tests="2" name="com.automation.day1.TesterDemo" time="0.032" errors="0" timestamp="2025-09-07T17:59:05 IST" skipped="0">
  <testcase classname="com.automation.day1.TesterDemo" name="SIgnIn" time="0.029"/>
  <system-out/>
  <testcase classname="com.automation.day1.TesterDemo" name="SignIn" time="0.003"/>
  <system-out/>
</testsuite> <!-- com.automation.day1.TesterDemo -->
