<?xml version="1.0" encoding="UTF-8"?>
<!-- Generated by org.testng.reporters.JUnitReportReporter -->
<testsuite hostname="Malaviyan" failures="0" tests="2" name="com.automation.day1.TesterDemo" time="0.031" errors="0" timestamp="2025-09-14T12:39:36 IST" skipped="0">
  <testcase classname="com.automation.day1.TesterDemo" name="SignIn" time="0.003"/>
  <system-out/>
  <testcase classname="com.automation.day1.TesterDemo" name="SIgnIn" time="0.028"/>
  <system-out/>
</testsuite> <!-- com.automation.day1.TesterDemo -->
