<?xml version="1.0" encoding="UTF-8"?>
<!-- Generated by org.testng.reporters.JUnitReportReporter -->
<testsuite hostname="Malaviyan" failures="0" tests="2" name="com.automation.day1.TesterDemo" time="0.029" errors="0" timestamp="2025-09-14T13:16:20 IST" skipped="0">
  <testcase classname="com.automation.day1.TesterDemo" name="SIgnIn" time="0.027"/>
  <system-out/>
  <testcase classname="com.automation.day1.TesterDemo" name="SignIn" time="0.002"/>
  <system-out/>
</testsuite> <!-- com.automation.day1.TesterDemo -->
