<?xml version="1.0" encoding="UTF-8"?>
<!-- Generated by org.testng.reporters.JUnitReportReporter -->
<testsuite hostname="Malaviyan" failures="0" tests="1" name="com.automation.day1.PreAssume" time="0.004" errors="0" timestamp="2025-09-14T12:39:36 IST" skipped="0">
  <testcase classname="com.automation.day1.PreAssume" name="test3" time="0.004"/>
  <system-out/>
</testsuite> <!-- com.automation.day1.PreAssume -->
